<?xml version="1.0" encoding="UTF-8"?>
<!-- Generated by org.testng.reporters.JUnitReportReporter -->
<testsuite skipped="0" hostname="DESKTOP-48CJMGQ" name="com.qa.mytests.BaseTest" tests="1" failures="0" timestamp="29 Oct 2019 22:52:22 GMT" time="12.311" errors="0">
  <testcase name="print" time="12.311" classname="com.qa.mytests.BaseTest"/>
</testsuite> <!-- com.qa.mytests.BaseTest -->
